<?xml version="1.0" encoding="UTF-8"?>
<!-- Generated by org.testng.reporters.JUnitXMLReporter -->
<testsuite hostname="LAPTOP-O50P61C6" name="TestOnIE" tests="1" failures="0" timestamp="21 Jan 2017 17:35:01 GMT" time="1.591" errors="0">
  <testcase name="@BeforeClass setupDriver" time="0.0" classname="com.animana.scenario.Animana">
    <failure type="org.openqa.selenium.SessionNotCreatedException" message="Unable to create new remote session. desired capabilities = Capabilities [{browserName=ie, version=ANY, platform=WINDOWS}], required capabilities = Capabilities [{}]
Build info: version: &amp;apos;3.0.1&amp;apos;, revision: &amp;apos;1969d75&amp;apos;, time: &amp;apos;2016-10-18 09:49:13 -0700&amp;apos;
System info: host: &amp;apos;LAPTOP-O50P61C6&amp;apos;, ip: &amp;apos;192.168.1.4&amp;apos;, os.name: &amp;apos;Windows 10&amp;apos;, os.arch: &amp;apos;amd64&amp;apos;, os.version: &amp;apos;10.0&amp;apos;, java.version: &amp;apos;1.8.0_112&amp;apos;
Driver info: driver.version: RemoteWebDriver">
      <![CDATA[org.openqa.selenium.SessionNotCreatedException: Unable to create new remote session. desired capabilities = Capabilities [{browserName=ie, version=ANY, platform=WINDOWS}], required capabilities = Capabilities [{}]
Build info: version: '3.0.1', revision: '1969d75', time: '2016-10-18 09:49:13 -0700'
System info: host: 'LAPTOP-O50P61C6', ip: '192.168.1.4', os.name: 'Windows 10', os.arch: 'amd64', os.version: '10.0', java.version: '1.8.0_112'
Driver info: driver.version: RemoteWebDriver
	at org.openqa.selenium.remote.ProtocolHandshake.createSession(ProtocolHandshake.java:91)
	at org.openqa.selenium.remote.HttpCommandExecutor.execute(HttpCommandExecutor.java:141)
	at org.openqa.selenium.remote.RemoteWebDriver.execute(RemoteWebDriver.java:601)
	at org.openqa.selenium.remote.RemoteWebDriver.startSession(RemoteWebDriver.java:241)
	at org.openqa.selenium.remote.RemoteWebDriver.<init>(RemoteWebDriver.java:128)
	at org.openqa.selenium.remote.RemoteWebDriver.<init>(RemoteWebDriver.java:155)
	at com.animana.utils.RemoteBrowserManager.initializeRemoteDriver(RemoteBrowserManager.java:41)
	at com.animana.scenario.Animana.setupDriver(Animana.java:23)
... Removed 24 stack frames]]>
    </failure>
  </testcase> <!-- @BeforeClass setupDriver -->
  <testcase name="@AfterTest tearDown" time="0.0" classname="com.animana.scenario.Animana">
    <skipped/>
  </testcase> <!-- @AfterTest tearDown -->
  <testcase name="login" time="0.004" classname="com.animana.scenario.Animana">
    <skipped/>
  </testcase> <!-- login -->
</testsuite> <!-- TestOnIE -->
