<?xml version="1.0" encoding="UTF-8"?>
<testng-results skipped="1" failed="0" total="3" passed="2">
  <reporter-output>
  </reporter-output>
  <suite name="Suite" duration-ms="19257" started-at="2017-01-21T17:34:59Z" finished-at="2017-01-21T17:35:18Z">
    <groups>
    </groups>
    <test name="TestOnIE" duration-ms="1591" started-at="2017-01-21T17:34:59Z" finished-at="2017-01-21T17:35:01Z">
      <class name="com.animana.scenario.Animana">
        <test-method status="FAIL" signature="setupDriver(java.lang.String, java.lang.String)[pri:0, instance:com.animana.scenario.Animana@5f9d02cb]" name="setupDriver" is-config="true" duration-ms="0" started-at="2017-01-21T23:04:59Z" finished-at="2017-01-21T23:04:59Z">
          <params>
            <param index="0">
              <value>
                <![CDATA[ie]]>
              </value>
            </param>
            <param index="1">
              <value>
                <![CDATA[remote]]>
              </value>
            </param>
          </params>
          <exception class="org.openqa.selenium.SessionNotCreatedException">
            <message>
              <![CDATA[Unable to create new remote session. desired capabilities = Capabilities [{browserName=ie, version=ANY, platform=WINDOWS}], required capabilities = Capabilities [{}]
Build info: version: '3.0.1', revision: '1969d75', time: '2016-10-18 09:49:13 -0700'
System info: host: 'LAPTOP-O50P61C6', ip: '192.168.1.4', os.name: 'Windows 10', os.arch: 'amd64', os.version: '10.0', java.version: '1.8.0_112'
Driver info: driver.version: RemoteWebDriver]]>
            </message>
            <full-stacktrace>
              <![CDATA[org.openqa.selenium.SessionNotCreatedException: Unable to create new remote session. desired capabilities = Capabilities [{browserName=ie, version=ANY, platform=WINDOWS}], required capabilities = Capabilities [{}]
Build info: version: '3.0.1', revision: '1969d75', time: '2016-10-18 09:49:13 -0700'
System info: host: 'LAPTOP-O50P61C6', ip: '192.168.1.4', os.name: 'Windows 10', os.arch: 'amd64', os.version: '10.0', java.version: '1.8.0_112'
Driver info: driver.version: RemoteWebDriver
	at org.openqa.selenium.remote.ProtocolHandshake.createSession(ProtocolHandshake.java:91)
	at org.openqa.selenium.remote.HttpCommandExecutor.execute(HttpCommandExecutor.java:141)
	at org.openqa.selenium.remote.RemoteWebDriver.execute(RemoteWebDriver.java:601)
	at org.openqa.selenium.remote.RemoteWebDriver.startSession(RemoteWebDriver.java:241)
	at org.openqa.selenium.remote.RemoteWebDriver.<init>(RemoteWebDriver.java:128)
	at org.openqa.selenium.remote.RemoteWebDriver.<init>(RemoteWebDriver.java:155)
	at com.animana.utils.RemoteBrowserManager.initializeRemoteDriver(RemoteBrowserManager.java:41)
	at com.animana.scenario.Animana.setupDriver(Animana.java:23)
	at sun.reflect.NativeMethodAccessorImpl.invoke0(Native Method)
	at sun.reflect.NativeMethodAccessorImpl.invoke(NativeMethodAccessorImpl.java:62)
	at sun.reflect.DelegatingMethodAccessorImpl.invoke(DelegatingMethodAccessorImpl.java:43)
	at java.lang.reflect.Method.invoke(Method.java:498)
	at org.testng.internal.MethodInvocationHelper.invokeMethod(MethodInvocationHelper.java:80)
	at org.testng.internal.Invoker.invokeConfigurationMethod(Invoker.java:564)
	at org.testng.internal.Invoker.invokeConfigurations(Invoker.java:213)
	at org.testng.internal.Invoker.invokeConfigurations(Invoker.java:138)
	at org.testng.internal.TestMethodWorker.invokeBeforeClassMethods(TestMethodWorker.java:175)
	at org.testng.internal.TestMethodWorker.run(TestMethodWorker.java:107)
	at org.testng.TestRunner.privateRun(TestRunner.java:767)
	at org.testng.TestRunner.run(TestRunner.java:617)
	at org.testng.SuiteRunner.runTest(SuiteRunner.java:334)
	at org.testng.SuiteRunner.runSequentially(SuiteRunner.java:329)
	at org.testng.SuiteRunner.privateRun(SuiteRunner.java:291)
	at org.testng.SuiteRunner.run(SuiteRunner.java:240)
	at org.testng.SuiteRunnerWorker.runSuite(SuiteRunnerWorker.java:52)
	at org.testng.SuiteRunnerWorker.run(SuiteRunnerWorker.java:86)
	at org.testng.TestNG.runSuitesSequentially(TestNG.java:1198)
	at org.testng.TestNG.runSuitesLocally(TestNG.java:1123)
	at org.testng.TestNG.run(TestNG.java:1031)
	at org.testng.remote.AbstractRemoteTestNG.run(AbstractRemoteTestNG.java:132)
	at org.testng.remote.RemoteTestNG.initAndRun(RemoteTestNG.java:236)
	at org.testng.remote.RemoteTestNG.main(RemoteTestNG.java:81)
]]>
            </full-stacktrace>
          </exception> <!-- org.openqa.selenium.SessionNotCreatedException -->
          <reporter-output>
          </reporter-output>
        </test-method> <!-- setupDriver -->
        <test-method status="SKIP" signature="login(java.lang.String)[pri:0, instance:com.animana.scenario.Animana@5f9d02cb]" name="login" duration-ms="4" started-at="2017-01-21T23:05:01Z" finished-at="2017-01-21T23:05:01Z">
          <params>
            <param index="0">
              <value>
                <![CDATA[remote]]>
              </value>
            </param>
          </params>
          <reporter-output>
          </reporter-output>
        </test-method> <!-- login -->
        <test-method status="SKIP" signature="tearDown(java.lang.String)[pri:0, instance:com.animana.scenario.Animana@5f9d02cb]" name="tearDown" is-config="true" duration-ms="0" started-at="2017-01-21T23:05:01Z" finished-at="2017-01-21T23:05:01Z">
          <reporter-output>
          </reporter-output>
        </test-method> <!-- tearDown -->
      </class> <!-- com.animana.scenario.Animana -->
    </test> <!-- TestOnIE -->
    <test name="TestOnChrome" duration-ms="6780" started-at="2017-01-21T17:35:01Z" finished-at="2017-01-21T17:35:08Z">
      <class name="com.animana.scenario.Animana">
        <test-method status="PASS" signature="setupDriver(java.lang.String, java.lang.String)[pri:0, instance:com.animana.scenario.Animana@3701eaf6]" name="setupDriver" is-config="true" duration-ms="2271" started-at="2017-01-21T23:05:01Z" finished-at="2017-01-21T23:05:03Z">
          <params>
            <param index="0">
              <value>
                <![CDATA[chrome]]>
              </value>
            </param>
            <param index="1">
              <value>
                <![CDATA[remote]]>
              </value>
            </param>
          </params>
          <reporter-output>
          </reporter-output>
        </test-method> <!-- setupDriver -->
        <test-method status="PASS" signature="login(java.lang.String)[pri:0, instance:com.animana.scenario.Animana@3701eaf6]" name="login" duration-ms="3077" started-at="2017-01-21T23:05:03Z" finished-at="2017-01-21T23:05:06Z">
          <params>
            <param index="0">
              <value>
                <![CDATA[remote]]>
              </value>
            </param>
          </params>
          <reporter-output>
          </reporter-output>
        </test-method> <!-- login -->
        <test-method status="PASS" signature="tearDown(java.lang.String)[pri:0, instance:com.animana.scenario.Animana@3701eaf6]" name="tearDown" is-config="true" duration-ms="1426" started-at="2017-01-21T23:05:06Z" finished-at="2017-01-21T23:05:08Z">
          <params>
            <param index="0">
              <value>
                <![CDATA[remote]]>
              </value>
            </param>
          </params>
          <reporter-output>
          </reporter-output>
        </test-method> <!-- tearDown -->
      </class> <!-- com.animana.scenario.Animana -->
    </test> <!-- TestOnChrome -->
    <test name="TestOnfirefox" duration-ms="10828" started-at="2017-01-21T17:35:08Z" finished-at="2017-01-21T17:35:18Z">
      <class name="com.animana.scenario.Animana">
        <test-method status="PASS" signature="setupDriver(java.lang.String, java.lang.String)[pri:0, instance:com.animana.scenario.Animana@35d176f7]" name="setupDriver" is-config="true" duration-ms="5233" started-at="2017-01-21T23:05:08Z" finished-at="2017-01-21T23:05:13Z">
          <params>
            <param index="0">
              <value>
                <![CDATA[firefox]]>
              </value>
            </param>
            <param index="1">
              <value>
                <![CDATA[remote]]>
              </value>
            </param>
          </params>
          <reporter-output>
          </reporter-output>
        </test-method> <!-- setupDriver -->
        <test-method status="PASS" signature="login(java.lang.String)[pri:0, instance:com.animana.scenario.Animana@35d176f7]" name="login" duration-ms="3977" started-at="2017-01-21T23:05:13Z" finished-at="2017-01-21T23:05:17Z">
          <params>
            <param index="0">
              <value>
                <![CDATA[remote]]>
              </value>
            </param>
          </params>
          <reporter-output>
          </reporter-output>
        </test-method> <!-- login -->
        <test-method status="PASS" signature="tearDown(java.lang.String)[pri:0, instance:com.animana.scenario.Animana@35d176f7]" name="tearDown" is-config="true" duration-ms="1611" started-at="2017-01-21T23:05:17Z" finished-at="2017-01-21T23:05:18Z">
          <params>
            <param index="0">
              <value>
                <![CDATA[remote]]>
              </value>
            </param>
          </params>
          <reporter-output>
          </reporter-output>
        </test-method> <!-- tearDown -->
      </class> <!-- com.animana.scenario.Animana -->
    </test> <!-- TestOnfirefox -->
  </suite> <!-- Suite -->
</testng-results>
